{"ts":1765967168459,"action":"PROJECT_OPENED","tags":{"PROJECT_NAME":"dataGenerator"}}
{"ts":1765967168588,"action":"FILE_OPENED","file":"/README.md","tags":{"FILE_LINE_OF_CODE":"384"}}
{"ts":1765967261717,"action":"IDE_DEACTIVATED"}
{"ts":1765967681679,"action":"IDE_ACTIVATED"}
{"ts":1765967690119,"action":"PROJECT_CLOSED","tags":{"PROJECT_NAME":"dataGenerator"}}
{"ts":1765972723964,"action":"FILE_OPENED","file":"/README.md","tags":{"FILE_LINE_OF_CODE":"384"}}
{"ts":1765972723961,"action":"PROJECT_OPENED","tags":{"PROJECT_NAME":"dataGenerator"}}
{"ts":1765972743353,"action":"FILE_OPENED","file":"/local-path-storage.yaml","tags":{"FILE_LINE_OF_CODE":"162"}}
{"ts":1765972803895,"action":"IDE_DEACTIVATED"}
{"ts":1765973006855,"action":"IDE_ACTIVATED"}
{"ts":1765973012742,"action":"FILE_CLOSED","file":"/local-path-storage.yaml","tags":{"FILE_LINE_OF_CODE":"162"}}
{"ts":1765973012756,"action":"FILE_OPENED","file":"/src/main/java/com/loader/datagenerator/runner/SchemaInitializer.java","tags":{"FILE_LINE_OF_CODE":"116"}}
{"ts":1765973135563,"action":"IDE_DEACTIVATED"}
{"ts":1765973143475,"action":"IDE_ACTIVATED"}
{"ts":1765973500527,"action":"FILE_CLOSED","file":"/src/main/java/com/loader/datagenerator/runner/SchemaInitializer.java","tags":{"FILE_LINE_OF_CODE":"116"}}
{"ts":1765973500532,"action":"FILE_OPENED","file":"/src/main/resources/application.yaml","tags":{"FILE_LINE_OF_CODE":"58"}}
{"ts":1765973531526,"action":"IDE_DEACTIVATED"}
{"ts":1765973758377,"action":"IDE_ACTIVATED"}
{"ts":1765973769395,"action":"FILE_CLOSED","file":"/src/main/resources/application.yaml","tags":{"FILE_LINE_OF_CODE":"60"}}
{"ts":1765973790987,"action":"IDE_DEACTIVATED"}
{"ts":1765973807647,"action":"IDE_ACTIVATED"}
{"ts":1765973861238,"action":"IDE_DEACTIVATED"}
{"ts":1765973905366,"action":"IDE_ACTIVATED"}
{"ts":1765974215089,"action":"IDE_DEACTIVATED"}
{"ts":1765974241921,"action":"IDE_ACTIVATED"}
{"ts":1765974257730,"action":"IDE_DEACTIVATED"}
{"ts":1765974277983,"action":"IDE_ACTIVATED"}
{"ts":1765974281435,"action":"IDE_DEACTIVATED"}
{"ts":1765974292344,"action":"IDE_ACTIVATED"}
{"ts":1765974302191,"action":"IDE_DEACTIVATED"}
{"ts":1765974304485,"action":"IDE_ACTIVATED"}
{"ts":1765974308494,"action":"IDE_DEACTIVATED"}
{"ts":1765974325700,"action":"IDE_ACTIVATED"}
{"ts":1765974339625,"action":"IDE_DEACTIVATED"}
{"ts":1765974345580,"action":"IDE_ACTIVATED"}
{"ts":1765974349465,"action":"IDE_DEACTIVATED"}
{"ts":1765974402826,"action":"IDE_ACTIVATED"}
{"ts":1765974488563,"action":"IDE_DEACTIVATED"}
{"ts":1765974494289,"action":"IDE_ACTIVATED"}
{"ts":1765974497799,"action":"IDE_DEACTIVATED"}
{"ts":1765974499723,"action":"IDE_ACTIVATED"}
{"ts":1765974500246,"action":"IDE_DEACTIVATED"}
{"ts":1765974547581,"action":"IDE_ACTIVATED"}
{"ts":1765974549886,"action":"IDE_DEACTIVATED"}
{"ts":1765974607230,"action":"IDE_ACTIVATED"}
{"ts":1765974625861,"action":"IDE_DEACTIVATED"}
{"ts":1765974635568,"action":"IDE_ACTIVATED"}
{"ts":1765974642652,"action":"IDE_DEACTIVATED"}
{"ts":1765975291191,"action":"PROJECT_CLOSED","tags":{"PROJECT_NAME":"dataGenerator"}}
