{"ts":1766562102085,"action":"PROJECT_OPENED","tags":{"PROJECT_NAME":"etl_initializer"}}
{"ts":1766562102571,"action":"FILE_OPENED","file":"/README.md","tags":{"FILE_LINE_OF_CODE":"529"}}
{"ts":1766562182665,"action":"IDE_DEACTIVATED"}
{"ts":1766562214119,"action":"FILE_CLOSED","file":"/README.md","tags":{"FILE_LINE_OF_CODE":"529"}}
{"ts":1766562238407,"action":"IDE_ACTIVATED"}
{"ts":1766562248972,"action":"IDE_DEACTIVATED"}
{"ts":1766562250135,"action":"IDE_ACTIVATED"}
{"ts":1766562318540,"action":"IDE_DEACTIVATED"}
{"ts":1766562835972,"action":"IDE_ACTIVATED"}
{"ts":1766562854717,"action":"IDE_DEACTIVATED"}
{"ts":1766562901824,"action":"IDE_ACTIVATED"}
{"ts":1766562926322,"action":"IDE_DEACTIVATED"}
{"ts":1766562929675,"action":"IDE_ACTIVATED"}
{"ts":1766562944773,"action":"FILE_OPENED","file":"/README.md","tags":{"FILE_LINE_OF_CODE":"529"}}
{"ts":1766563117850,"action":"IDE_DEACTIVATED"}
{"ts":1766563199679,"action":"IDE_ACTIVATED"}
{"ts":1766563217587,"action":"IDE_DEACTIVATED"}
{"ts":1766563355755,"action":"IDE_ACTIVATED"}
{"ts":1766563381360,"action":"IDE_DEACTIVATED"}
{"ts":1766563390901,"action":"IDE_ACTIVATED"}
{"ts":1766563426957,"action":"IDE_DEACTIVATED"}
{"ts":1766563954187,"action":"IDE_ACTIVATED"}
{"ts":1766563962767,"action":"IDE_DEACTIVATED"}
{"ts":1766563988535,"action":"IDE_ACTIVATED"}
{"ts":1766564004039,"action":"IDE_DEACTIVATED"}
{"ts":1766564044473,"action":"IDE_ACTIVATED"}
{"ts":1766564110652,"action":"IDE_DEACTIVATED"}
{"ts":1766564179462,"action":"IDE_ACTIVATED"}
{"ts":1766564192833,"action":"IDE_DEACTIVATED"}
{"ts":1766564203168,"action":"IDE_ACTIVATED"}
{"ts":1766564221303,"action":"IDE_DEACTIVATED"}
{"ts":1766564255006,"action":"IDE_ACTIVATED"}
{"ts":1766564317533,"action":"IDE_DEACTIVATED"}
{"ts":1766564349138,"action":"IDE_ACTIVATED"}
{"ts":1766564464885,"action":"IDE_DEACTIVATED"}
{"ts":1766564537322,"action":"IDE_ACTIVATED"}
{"ts":1766564569883,"action":"IDE_DEACTIVATED"}
{"ts":1766564705485,"action":"IDE_ACTIVATED"}
{"ts":1766564848403,"action":"FILE_CLOSED","file":"/README.md","tags":{"FILE_LINE_OF_CODE":"529"}}
{"ts":1766564848431,"action":"FILE_OPENED","file":"/src/main/resources/db/migration/V5__add_authentication_schema.sql","tags":{"FILE_LINE_OF_CODE":"264"}}
{"ts":1766564859516,"action":"IDE_DEACTIVATED"}
{"ts":1766564917811,"action":"IDE_ACTIVATED"}
{"ts":1766564948669,"action":"IDE_DEACTIVATED"}
{"ts":1766564977616,"action":"IDE_ACTIVATED"}
{"ts":1766564995849,"action":"IDE_DEACTIVATED"}
{"ts":1766565006486,"action":"IDE_ACTIVATED"}
{"ts":1766565079182,"action":"IDE_DEACTIVATED"}
{"ts":1766565103459,"action":"IDE_ACTIVATED"}
{"ts":1766565155554,"action":"IDE_DEACTIVATED"}
{"ts":1766565160980,"action":"IDE_ACTIVATED"}
{"ts":1766565163966,"action":"IDE_DEACTIVATED"}
{"ts":1766565184182,"action":"IDE_ACTIVATED"}
{"ts":1766565200775,"action":"IDE_DEACTIVATED"}
{"ts":1766565220789,"action":"IDE_ACTIVATED"}
{"ts":1766565231167,"action":"IDE_DEACTIVATED"}
{"ts":1766565307852,"action":"IDE_ACTIVATED"}
{"ts":1766565317117,"action":"IDE_DEACTIVATED"}
{"ts":1766565397411,"action":"IDE_ACTIVATED"}
{"ts":1766565407297,"action":"IDE_DEACTIVATED"}
{"ts":1766565409421,"action":"IDE_ACTIVATED"}
{"ts":1766565458315,"action":"IDE_DEACTIVATED"}
{"ts":1766565486065,"action":"IDE_ACTIVATED"}
{"ts":1766565524023,"action":"IDE_DEACTIVATED"}
{"ts":1766565546755,"action":"IDE_ACTIVATED"}
{"ts":1766565592812,"action":"IDE_DEACTIVATED"}
{"ts":1766565599138,"action":"IDE_ACTIVATED"}
{"ts":1766565599266,"action":"IDE_DEACTIVATED"}
{"ts":1766565606415,"action":"IDE_ACTIVATED"}
{"ts":1766565646151,"action":"IDE_DEACTIVATED"}
{"ts":1766565675513,"action":"IDE_ACTIVATED"}
{"ts":1766565680578,"action":"IDE_DEACTIVATED"}
{"ts":1766565687036,"action":"IDE_ACTIVATED"}
{"ts":1766565687944,"action":"IDE_DEACTIVATED"}
{"ts":1766565689008,"action":"IDE_ACTIVATED"}
{"ts":1766565733018,"action":"IDE_DEACTIVATED"}
{"ts":1766566293983,"action":"IDE_ACTIVATED"}
{"ts":1766566319776,"action":"IDE_DEACTIVATED"}
{"ts":1766566350666,"action":"IDE_ACTIVATED"}
{"ts":1766566558204,"action":"IDE_DEACTIVATED"}
{"ts":1766566568728,"action":"IDE_ACTIVATED"}
{"ts":1766566573428,"action":"IDE_DEACTIVATED"}
{"ts":1766566627294,"action":"IDE_ACTIVATED"}
{"ts":1766566650336,"action":"IDE_DEACTIVATED"}
{"ts":1766566738269,"action":"IDE_ACTIVATED"}
{"ts":1766566813317,"action":"IDE_DEACTIVATED"}
{"ts":1766567193808,"action":"IDE_ACTIVATED"}
{"ts":1766567275455,"action":"IDE_DEACTIVATED"}
{"ts":1766567293548,"action":"IDE_ACTIVATED"}
{"ts":1766567521977,"action":"IDE_DEACTIVATED"}
{"ts":1766568383942,"action":"IDE_ACTIVATED"}
{"ts":1766568570366,"action":"IDE_DEACTIVATED"}
{"ts":1766571621302,"action":"IDE_ACTIVATED"}
{"ts":1766571625475,"action":"IDE_DEACTIVATED"}
{"ts":1766571628477,"action":"IDE_ACTIVATED"}
{"ts":1766571628511,"action":"IDE_DEACTIVATED"}
{"ts":1766576066068,"action":"IDE_ACTIVATED"}
{"ts":1766576075797,"action":"PROJECT_CLOSED","tags":{"PROJECT_NAME":"etl_initializer"}}
