{"ts":1766148875619,"action":"PROJECT_OPENED","tags":{"PROJECT_NAME":"newLoader"}}
{"ts":1766148876566,"action":"FILE_OPENED","file":"/README.md","tags":{"FILE_LINE_OF_CODE":"431"}}
{"ts":1766148880508,"action":"IDE_DEACTIVATED"}
{"ts":1766148882965,"action":"IDE_ACTIVATED"}
{"ts":1766148884921,"action":"IDE_DEACTIVATED"}
{"ts":1766148885331,"action":"IDE_ACTIVATED"}
{"ts":1766148938945,"action":"IDE_DEACTIVATED"}
{"ts":1766148942856,"action":"IDE_ACTIVATED"}
{"ts":1766148946221,"action":"IDE_DEACTIVATED"}
{"ts":1766148948198,"action":"IDE_ACTIVATED"}
{"ts":1766148975148,"action":"IDE_DEACTIVATED"}
{"ts":1766149173179,"action":"IDE_ACTIVATED"}
{"ts":1766149206996,"action":"IDE_DEACTIVATED"}
{"ts":1766149216876,"action":"IDE_ACTIVATED"}
{"ts":1766149228701,"action":"PROJECT_CLOSED","tags":{"PROJECT_NAME":"newLoader"}}
{"ts":1766149266986,"action":"FILE_OPENED","file":"/README.md","tags":{"FILE_LINE_OF_CODE":"431"}}
{"ts":1766149266975,"action":"PROJECT_OPENED","tags":{"PROJECT_NAME":"newLoader"}}
{"ts":1766151348862,"action":"IDE_ACTIVATED"}
{"ts":1766151526165,"action":"IDE_DEACTIVATED"}
{"ts":1766151538856,"action":"IDE_ACTIVATED"}
{"ts":1766151660291,"action":"IDE_DEACTIVATED"}
{"ts":1766155313042,"action":"IDE_ACTIVATED"}
{"ts":1766155395413,"action":"IDE_DEACTIVATED"}
{"ts":1766155404253,"action":"IDE_ACTIVATED"}
{"ts":1766155412468,"action":"IDE_DEACTIVATED"}
{"ts":1766155429663,"action":"IDE_ACTIVATED"}
{"ts":1766155442115,"action":"FILE_CLOSED","file":"/README.md","tags":{"FILE_LINE_OF_CODE":"431"}}
{"ts":1766155442164,"action":"FILE_OPENED","file":"/services/loader/k8s_manifist/loader-deployment.yaml","tags":{"FILE_LINE_OF_CODE":"136"}}
{"ts":1766155461360,"action":"IDE_DEACTIVATED"}
{"ts":1766155505215,"action":"IDE_ACTIVATED"}
{"ts":1766155513129,"action":"FILE_CLOSED","file":"/services/loader/k8s_manifist/loader-deployment.yaml","tags":{"FILE_LINE_OF_CODE":"136"}}
{"ts":1766155513160,"action":"FILE_OPENED","file":"/app_installer.sh","tags":{"FILE_LINE_OF_CODE":"373"}}
{"ts":1766155640334,"action":"IDE_DEACTIVATED"}
{"ts":1766155643092,"action":"IDE_ACTIVATED"}
{"ts":1766155717922,"action":"IDE_DEACTIVATED"}
{"ts":1766155770021,"action":"IDE_ACTIVATED"}
{"ts":1766155778134,"action":"IDE_DEACTIVATED"}
{"ts":1766155788011,"action":"IDE_ACTIVATED"}
{"ts":1766155794536,"action":"IDE_DEACTIVATED"}
{"ts":1766155795208,"action":"IDE_ACTIVATED"}
